--- Startup times for process: Primary (or UI client) ---

times in msec
 clock   self+sourced   self:  sourced script
 clock   elapsed:              other lines

000.000  000.000: --- NVIM STARTING ---
000.068  000.068: event init
000.164  000.096: early init
000.477  000.313: locale set
000.500  000.023: init first window
000.784  000.284: inits 1
000.788  000.004: window checked
000.789  000.001: parsing arguments
001.095  000.023  000.023: require('vim.shared')
001.142  000.019  000.019: require('vim.inspect')
001.168  000.022  000.022: require('vim._options')
001.170  000.073  000.032: require('vim._editor')
001.204  000.033  000.033: require('vim._system')
001.205  000.146  000.017: require('vim._init_packages')
001.206  000.270: init lua interpreter
002.944  001.738: nvim_ui_attach
003.118  000.174: nvim_set_client_info
003.119  000.001: --- NVIM STARTED ---

--- Startup times for process: Embedded ---

times in msec
 clock   self+sourced   self:  sourced script
 clock   elapsed:              other lines

000.000  000.000: --- NVIM STARTING ---
000.034  000.034: event init
000.082  000.048: early init
000.282  000.200: locale set
000.300  000.018: init first window
000.486  000.186: inits 1
000.494  000.008: window checked
000.496  000.001: parsing arguments
000.722  000.021  000.021: require('vim.shared')
000.764  000.018  000.018: require('vim.inspect')
000.785  000.017  000.017: require('vim._options')
000.788  000.065  000.030: require('vim._editor')
000.805  000.016  000.016: require('vim._system')
000.805  000.116  000.014: require('vim._init_packages')
000.806  000.195: init lua interpreter
001.901  001.095: expanding arguments
001.909  000.008: inits 2
002.040  000.131: init highlight
002.041  000.001: waiting for UI
002.110  000.069: done waiting for UI
002.112  000.002: clear screen
002.182  000.006  000.006: require('vim.keymap')
002.785  000.091  000.091: sourcing nvim_exec2()
002.883  000.770  000.673: require('vim._defaults')
002.884  000.002: init default mappings & autocommands
003.272  000.037  000.037: sourcing /Users/ryan/.local/share/bob/nightly/share/nvim/runtime/ftplugin.vim
003.338  000.016  000.016: sourcing /Users/ryan/.local/share/bob/nightly/share/nvim/runtime/indent.vim
004.519  000.003  000.003: require('vim.F')
004.577  000.953  000.950: require('vim.diagnostic')
004.579  001.139  000.187: require('options')
005.896  000.597  000.597: require('vim.lsp.protocol')
005.920  000.021  000.021: require('vim.fs')
005.932  000.768  000.150: require('vim.lsp.log')
006.796  000.862  000.862: require('vim.lsp.util')
007.133  000.159  000.159: require('vim.lsp.sync')
007.135  000.338  000.179: require('vim.lsp._changetracking')
007.479  000.128  000.128: require('vim.lsp._transport')
007.627  000.002  000.002: require('string.buffer')
007.628  000.100  000.098: require('vim._stringbuffer')
007.630  000.493  000.266: require('vim.lsp.rpc')
007.643  002.918  000.456: require('vim.lsp')
008.195  000.551  000.551: require('vim.lsp.buf')
008.204  003.624  000.155: require('keymaps')
008.299  000.094  000.094: require('autocmds')
008.907  000.203  000.203: require('vim._async')
008.946  000.646  000.443: require('vim.pack')
009.808  000.486  000.486: require('lz.n')
009.955  000.146  000.146: require('lz.n.spec')
010.100  000.092  000.092: require('plugins.blink')
010.376  000.274  000.274: require('vim.iter')
010.836  000.193  000.193: require('lz.n.loader')
010.945  000.107  000.107: require('lz.n.handler.state')
010.947  000.419  000.119: require('lz.n.handler.cmd')
011.129  000.181  000.181: require('lz.n.handler.event')
011.224  000.095  000.095: require('lz.n.handler.ft')
011.391  000.166  000.166: require('lz.n.handler.keys')
011.496  000.104  000.104: require('lz.n.handler.colorscheme')
011.591  000.095  000.095: require('lz.n.handler.lazy')
011.594  001.187  000.127: require('lz.n.handler')
011.695  000.091  000.091: require('plugins.colorscheme')
011.806  000.101  000.101: require('plugins.lsp')
011.960  000.082  000.082: require('plugins.markdown')
012.073  000.104  000.104: require('plugins.mini-ai')
012.173  000.080  000.080: require('plugins.mini-files')
012.352  000.104  000.104: require('plugins.smart-splits')
012.843  000.091  000.091: require('plugins.snacks')
013.014  000.071  000.071: require('plugins.treesitter')
015.522  000.101  000.101: require('citruszest.options')
015.617  000.094  000.094: require('citruszest.palettes.colors')
015.618  000.567  000.373: require('citruszest')
015.855  000.101  000.101: sourcing nvim_exec2() called at /Users/ryan/.local/share/nightly/site/pack/core/opt/citruszest.nvim/colors/citruszest.lua:0
015.950  000.092  000.092: sourcing nvim_exec2() called at /Users/ryan/.local/share/nightly/site/pack/core/opt/citruszest.nvim/colors/citruszest.lua:0
016.287  000.331  000.331: require('citruszest.highlights')
016.889  001.148  000.625: sourcing /Users/ryan/.local/share/nightly/site/pack/core/opt/citruszest.nvim/colors/citruszest.lua
016.892  001.238  000.090: sourcing nvim_exec2() called at /Users/ryan/dotfiles/nightly/.config/nightly/init.lua:0
017.990  000.411  000.411: require('snacks')
017.991  000.430  000.020: sourcing /Users/ryan/.local/share/nightly/site/pack/core/opt/snacks.nvim/plugin/snacks.lua
018.475  000.015  000.015: sourcing /Users/ryan/.local/share/nightly/site/pack/core/opt/snacks.nvim/plugin/snacks.lua
019.609  001.092  001.092: require('mini.icons')
019.739  016.329  004.573: sourcing /Users/ryan/.config/nightly/init.lua
019.746  000.481: sourcing vimrc file(s)
019.885  000.035  000.035: sourcing nvim_exec2() called at /Users/ryan/.local/share/bob/nightly/share/nvim/runtime/filetype.lua:0
019.887  000.081  000.046: sourcing /Users/ryan/.local/share/bob/nightly/share/nvim/runtime/filetype.lua
020.029  000.041  000.041: sourcing /Users/ryan/.local/share/bob/nightly/share/nvim/runtime/syntax/synload.vim
020.070  000.139  000.098: sourcing /Users/ryan/.local/share/bob/nightly/share/nvim/runtime/syntax/syntax.vim
020.353  000.011  000.011: sourcing /Users/ryan/.local/share/nightly/site/pack/core/opt/snacks.nvim/plugin/snacks.lua
021.065  000.092  000.092: sourcing /Users/ryan/.local/share/bob/nightly/share/nvim/runtime/plugin/gzip.vim
021.562  000.090  000.090: sourcing /Users/ryan/.local/share/bob/nightly/share/nvim/runtime/pack/dist/opt/matchit/plugin/matchit.vim
021.585  000.490  000.401: sourcing /Users/ryan/.local/share/bob/nightly/share/nvim/runtime/plugin/matchit.vim
021.681  000.067  000.067: sourcing /Users/ryan/.local/share/bob/nightly/share/nvim/runtime/plugin/matchparen.vim
022.185  000.107  000.107: sourcing /Users/ryan/.local/share/bob/nightly/share/nvim/runtime/pack/dist/opt/netrw/plugin/netrwPlugin.vim
022.207  000.497  000.389: sourcing /Users/ryan/.local/share/bob/nightly/share/nvim/runtime/plugin/netrwPlugin.vim
022.338  000.095  000.095: sourcing /Users/ryan/.local/share/bob/nightly/share/nvim/runtime/plugin/rplugin.vim
022.380  000.007  000.007: sourcing /Users/ryan/.local/share/bob/nightly/share/nvim/runtime/plugin/spellfile.vim
022.460  000.048  000.048: sourcing /Users/ryan/.local/share/bob/nightly/share/nvim/runtime/plugin/tarPlugin.vim
022.502  000.009  000.009: sourcing /Users/ryan/.local/share/bob/nightly/share/nvim/runtime/plugin/tutor.vim
022.587  000.054  000.054: sourcing /Users/ryan/.local/share/bob/nightly/share/nvim/runtime/plugin/zipPlugin.vim
022.648  000.022  000.022: sourcing /Users/ryan/.local/share/bob/nightly/share/nvim/runtime/plugin/editorconfig.lua
022.712  000.033  000.033: sourcing /Users/ryan/.local/share/bob/nightly/share/nvim/runtime/plugin/man.lua
022.782  000.035  000.035: sourcing /Users/ryan/.local/share/bob/nightly/share/nvim/runtime/plugin/nvim/net.lua
022.860  000.045  000.045: sourcing /Users/ryan/.local/share/bob/nightly/share/nvim/runtime/plugin/osc52.lua
022.951  000.053  000.053: sourcing /Users/ryan/.local/share/bob/nightly/share/nvim/runtime/plugin/shada.lua
023.010  000.023  000.023: sourcing /Users/ryan/.local/share/bob/nightly/share/nvim/runtime/plugin/tohtml.lua
023.031  001.482: loading rtp plugins
023.140  000.109: loading packages
023.397  000.257: loading after plugins
023.403  000.006: inits 3
024.072  000.669: reading ShaDa
024.115  000.043: opening buffers
024.130  000.015: BufEnter autocommands
024.134  000.004: editing files in windows
024.211  000.077: VimEnter autocommands
024.357  000.143  000.143: require('snacks.picker')
024.588  000.229  000.229: require('snacks.picker.config')
025.015  000.306  000.306: require('snacks.util')
025.237  000.648  000.343: require('snacks.picker.config.highlights')
025.495  000.256  000.256: require('snacks.picker.config.defaults')
025.837  000.341  000.341: require('snacks.picker.config.sources')
025.974  000.136  000.136: require('snacks.picker.config.layouts')
027.861  000.163  000.163: require('vim.ui')
027.881  001.753: UIEnter autocommands
028.088  000.135  000.135: sourcing /Users/ryan/.local/share/bob/nightly/share/nvim/runtime/autoload/provider/clipboard.vim
028.091  000.074: before starting main loop
028.285  000.195: first screen update
028.287  000.002: --- NVIM STARTED ---

